<?xml version="1.0" encoding="UTF-8"?>
<!-- Generated by org.testng.reporters.JUnitReportReporter -->
<testsuite hostname="HDC3-D-514SLSM" failures="0" tests="3" name="digitalFrontDoor.TestDigitalFrontDoorPerf" time="31.049" errors="0" timestamp="10 Apr 2018 05:51:00 GMT">
  <testcase classname="digitalFrontDoor.TestDigitalFrontDoorPerf" name="testEditSolPlanPageLoad" time="10.990"/>
  <testcase classname="digitalFrontDoor.TestDigitalFrontDoorPerf" name="testEditSolPlanSearchPageLoad" time="5.141"/>
  <testcase classname="digitalFrontDoor.TestDigitalFrontDoorPerf" name="testSolDetailsPageLoad" time="14.918"/>
</testsuite> <!-- digitalFrontDoor.TestDigitalFrontDoorPerf -->
