<?xml version="1.0" encoding="UTF-8"?>
<!-- Generated by org.testng.reporters.JUnitReportReporter -->
<testsuite hostname="HDC3-D-514SLSM" failures="0" tests="1" name="digitalFrontDoor.Test123" time="0.063" errors="0" timestamp="10 Apr 2018 07:20:08 GMT">
  <testcase classname="digitalFrontDoor.Test123" name="method1" time="0.063"/>
</testsuite> <!-- digitalFrontDoor.Test123 -->
