<?xml version="1.0" encoding="UTF-8"?>
<!-- Generated by org.testng.reporters.JUnitReportReporter -->
<testsuite hostname="Mujeeb-PC" name="testDigitalFrontDoor.SolutionArchitectRequest" tests="1" failures="0" timestamp="27 May 2018 06:44:54 GMT" time="54.193" errors="0">
  <testcase name="testCase1" time="54.193" classname="testDigitalFrontDoor.SolutionArchitectRequest"/>
</testsuite> <!-- testDigitalFrontDoor.SolutionArchitectRequest -->
