<?xml version="1.0" encoding="UTF-8"?>
<!-- Generated by org.testng.reporters.JUnitReportReporter -->
<testsuite hostname="HDC3-D-514SLSM" failures="0" tests="11" name="testDigitalFrontDoor.CreativePropStudioEffortEstimator" time="441.741" errors="0" timestamp="10 May 2018 07:13:12 GMT">
  <testcase classname="testDigitalFrontDoor.CreativePropStudioEffortEstimator" name="testCase1" time="8.633"/>
  <testcase classname="testDigitalFrontDoor.CreativePropStudioEffortEstimator" name="testCase8" time="188.667"/>
  <testcase classname="testDigitalFrontDoor.CreativePropStudioEffortEstimator" name="testCase2" time="7.062"/>
  <testcase classname="testDigitalFrontDoor.CreativePropStudioEffortEstimator" name="testCase5" time="17.095"/>
  <testcase classname="testDigitalFrontDoor.CreativePropStudioEffortEstimator" name="testCase11" time="52.089"/>
  <testcase classname="testDigitalFrontDoor.CreativePropStudioEffortEstimator" name="testCase9" time="44.774"/>
  <testcase classname="testDigitalFrontDoor.CreativePropStudioEffortEstimator" name="testCase7" time="43.618"/>
  <testcase classname="testDigitalFrontDoor.CreativePropStudioEffortEstimator" name="testCase4" time="9.875"/>
  <testcase classname="testDigitalFrontDoor.CreativePropStudioEffortEstimator" name="testCase6" time="11.851"/>
  <testcase classname="testDigitalFrontDoor.CreativePropStudioEffortEstimator" name="testCase10" time="47.602"/>
  <testcase classname="testDigitalFrontDoor.CreativePropStudioEffortEstimator" name="testCase3" time="10.475"/>
</testsuite> <!-- testDigitalFrontDoor.CreativePropStudioEffortEstimator -->
