<?xml version="1.0" encoding="UTF-8"?>
<!-- Generated by org.testng.reporters.JUnitReportReporter -->
<testsuite hostname="HDC3-D-514SLSM" failures="0" tests="1" name="testDigitalFrontDoor.Test123" time="0.135" errors="0" timestamp="18 May 2018 11:55:28 GMT">
  <testcase classname="testDigitalFrontDoor.Test123" name="test345" time="0.135"/>
</testsuite> <!-- testDigitalFrontDoor.Test123 -->
