<?xml version="1.0" encoding="UTF-8"?>
<!-- Generated by org.testng.reporters.JUnitReportReporter -->
<testsuite hostname="HDC3-D-514SLSM" failures="0" tests="18" name="testDigitalFrontDoor.DigitalFrontDoorHomePage" time="243.895" errors="0" timestamp="24 Apr 2018 04:06:16 GMT">
  <testcase classname="testDigitalFrontDoor.DigitalFrontDoorHomePage" name="testCase17" time="0.051"/>
  <testcase classname="testDigitalFrontDoor.DigitalFrontDoorHomePage" name="testCase10" time="25.276"/>
  <testcase classname="testDigitalFrontDoor.DigitalFrontDoorHomePage" name="testCase2" time="7.553"/>
  <testcase classname="testDigitalFrontDoor.DigitalFrontDoorHomePage" name="testCase4" time="6.568"/>
  <testcase classname="testDigitalFrontDoor.DigitalFrontDoorHomePage" name="testCase8" time="29.078"/>
  <testcase classname="testDigitalFrontDoor.DigitalFrontDoorHomePage" name="testCase13" time="15.620"/>
  <testcase classname="testDigitalFrontDoor.DigitalFrontDoorHomePage" name="testCase14" time="2.794"/>
  <testcase classname="testDigitalFrontDoor.DigitalFrontDoorHomePage" name="testCase15" time="1.059"/>
  <testcase classname="testDigitalFrontDoor.DigitalFrontDoorHomePage" name="testCase1" time="0.248"/>
  <testcase classname="testDigitalFrontDoor.DigitalFrontDoorHomePage" name="testCase3" time="7.588"/>
  <testcase classname="testDigitalFrontDoor.DigitalFrontDoorHomePage" name="testCase16" time="1.273"/>
  <testcase classname="testDigitalFrontDoor.DigitalFrontDoorHomePage" name="testCase5" time="0.780"/>
  <testcase classname="testDigitalFrontDoor.DigitalFrontDoorHomePage" name="testCase11" time="23.142"/>
  <testcase classname="testDigitalFrontDoor.DigitalFrontDoorHomePage" name="testCase18" time="1.431"/>
  <testcase classname="testDigitalFrontDoor.DigitalFrontDoorHomePage" name="testCase9" time="36.392"/>
  <testcase classname="testDigitalFrontDoor.DigitalFrontDoorHomePage" name="testCase6" time="26.545"/>
  <testcase classname="testDigitalFrontDoor.DigitalFrontDoorHomePage" name="testCase12" time="23.378"/>
  <testcase classname="testDigitalFrontDoor.DigitalFrontDoorHomePage" name="testCase7" time="35.119"/>
</testsuite> <!-- testDigitalFrontDoor.DigitalFrontDoorHomePage -->
