<?xml version="1.0" encoding="UTF-8"?>
<!-- Generated by org.testng.reporters.JUnitReportReporter -->
<testsuite hostname="HDC3-D-514SLSM" failures="0" tests="1" name="testDigitalFrontDoor.SubjectMatterExpertRequest" time="51.595" errors="0" timestamp="30 Apr 2018 12:22:25 GMT">
  <testcase classname="testDigitalFrontDoor.SubjectMatterExpertRequest" name="testCase24" time="51.595"/>
</testsuite> <!-- testDigitalFrontDoor.SubjectMatterExpertRequest -->
