<?xml version="1.0" encoding="UTF-8"?>
<!-- Generated by org.testng.reporters.JUnitReportReporter -->
<testsuite hostname="HDC3-D-514SLSM" failures="0" tests="20" name="testDigitalFrontDoor.ProposalSpecialistRequest" time="371.172" errors="0" timestamp="25 Apr 2018 11:48:15 GMT">
  <testcase classname="testDigitalFrontDoor.ProposalSpecialistRequest" name="testCase16" time="12.445"/>
  <testcase classname="testDigitalFrontDoor.ProposalSpecialistRequest" name="testCase4" time="0.053"/>
  <testcase classname="testDigitalFrontDoor.ProposalSpecialistRequest" name="testCase1" time="8.785"/>
  <testcase classname="testDigitalFrontDoor.ProposalSpecialistRequest" name="testCase19" time="34.349"/>
  <testcase classname="testDigitalFrontDoor.ProposalSpecialistRequest" name="testCase9" time="0.653"/>
  <testcase classname="testDigitalFrontDoor.ProposalSpecialistRequest" name="testCase20" time="81.973"/>
  <testcase classname="testDigitalFrontDoor.ProposalSpecialistRequest" name="testCase6" time="0.530"/>
  <testcase classname="testDigitalFrontDoor.ProposalSpecialistRequest" name="testCase11" time="0.639"/>
  <testcase classname="testDigitalFrontDoor.ProposalSpecialistRequest" name="testCase5" time="11.137"/>
  <testcase classname="testDigitalFrontDoor.ProposalSpecialistRequest" name="testCase12" time="0.327"/>
  <testcase classname="testDigitalFrontDoor.ProposalSpecialistRequest" name="testCase10" time="22.035"/>
  <testcase classname="testDigitalFrontDoor.ProposalSpecialistRequest" name="testCase18" time="83.117"/>
  <testcase classname="testDigitalFrontDoor.ProposalSpecialistRequest" name="testCase13" time="4.876"/>
  <testcase classname="testDigitalFrontDoor.ProposalSpecialistRequest" name="testCase14" time="2.096"/>
  <testcase classname="testDigitalFrontDoor.ProposalSpecialistRequest" name="testCase7" time="0.429"/>
  <testcase classname="testDigitalFrontDoor.ProposalSpecialistRequest" name="testCase8" time="0.822"/>
  <testcase classname="testDigitalFrontDoor.ProposalSpecialistRequest" name="testCase17" time="95.877"/>
  <testcase classname="testDigitalFrontDoor.ProposalSpecialistRequest" name="testCase3" time="0.107"/>
  <testcase classname="testDigitalFrontDoor.ProposalSpecialistRequest" name="testCase15" time="10.811"/>
  <testcase classname="testDigitalFrontDoor.ProposalSpecialistRequest" name="testCase2" time="0.111"/>
</testsuite> <!-- testDigitalFrontDoor.ProposalSpecialistRequest -->
