<?xml version="1.0" encoding="UTF-8"?>
<!-- Generated by org.testng.reporters.JUnitReportReporter -->
<testsuite hostname="HDC3-D-514SLSM" failures="0" tests="18" name="testDigitalFrontDoor.DigitalFrontDoorHome" time="247.617" errors="0" timestamp="30 Apr 2018 05:13:16 GMT">
  <testcase classname="testDigitalFrontDoor.DigitalFrontDoorHome" name="testCase8" time="28.054"/>
  <testcase classname="testDigitalFrontDoor.DigitalFrontDoorHome" name="testCase18" time="1.502"/>
  <testcase classname="testDigitalFrontDoor.DigitalFrontDoorHome" name="testCase7" time="35.457"/>
  <testcase classname="testDigitalFrontDoor.DigitalFrontDoorHome" name="testCase4" time="7.586"/>
  <testcase classname="testDigitalFrontDoor.DigitalFrontDoorHome" name="testCase2" time="8.227"/>
  <testcase classname="testDigitalFrontDoor.DigitalFrontDoorHome" name="testCase6" time="26.703"/>
  <testcase classname="testDigitalFrontDoor.DigitalFrontDoorHome" name="testCase3" time="8.425"/>
  <testcase classname="testDigitalFrontDoor.DigitalFrontDoorHome" name="testCase10" time="25.558"/>
  <testcase classname="testDigitalFrontDoor.DigitalFrontDoorHome" name="testCase11" time="23.072"/>
  <testcase classname="testDigitalFrontDoor.DigitalFrontDoorHome" name="testCase15" time="1.074"/>
  <testcase classname="testDigitalFrontDoor.DigitalFrontDoorHome" name="testCase16" time="1.299"/>
  <testcase classname="testDigitalFrontDoor.DigitalFrontDoorHome" name="testCase12" time="24.080"/>
  <testcase classname="testDigitalFrontDoor.DigitalFrontDoorHome" name="testCase9" time="36.476"/>
  <testcase classname="testDigitalFrontDoor.DigitalFrontDoorHome" name="testCase17" time="0.064"/>
  <testcase classname="testDigitalFrontDoor.DigitalFrontDoorHome" name="testCase14" time="2.373"/>
  <testcase classname="testDigitalFrontDoor.DigitalFrontDoorHome" name="testCase1" time="0.882"/>
  <testcase classname="testDigitalFrontDoor.DigitalFrontDoorHome" name="testCase5" time="0.816"/>
  <testcase classname="testDigitalFrontDoor.DigitalFrontDoorHome" name="testCase13" time="15.969"/>
</testsuite> <!-- testDigitalFrontDoor.DigitalFrontDoorHome -->
